Using pre-set license
Built from '2021.3/staging' branch; Version is '2021.3.13f1 (9e7d58001ecf) revision 10386776'; Using compiler version '192829333'; Build Type 'Release'
OS: 'Windows 10  (10.0.19044) 64bit Core' Language: 'tr' Physical Memory: 16332 MB
BatchMode: 1, IsHumanControllingUs: 0, StartBugReporterOnCrash: 0, Is64bit: 1, IsPro: 1

COMMAND LINE ARGUMENTS:
C:\Program Files\Unity\Hub\Editor\2021.3.13f1\Editor\Unity.exe
-adb2
-batchMode
-noUpm
-name
AssetImportWorker0
-projectPath
E:/PROJELER/MAVERA
-logFile
Logs/AssetImportWorker0.log
-srvPort
49530
Successfully changed project path to: E:/PROJELER/MAVERA
E:/PROJELER/MAVERA
[UnityMemory] Configuration Parameters - Can be set up in boot.config
    "memorysetup-bucket-allocator-granularity=16"
    "memorysetup-bucket-allocator-bucket-count=8"
    "memorysetup-bucket-allocator-block-size=33554432"
    "memorysetup-bucket-allocator-block-count=8"
    "memorysetup-main-allocator-block-size=16777216"
    "memorysetup-thread-allocator-block-size=16777216"
    "memorysetup-gfx-main-allocator-block-size=16777216"
    "memorysetup-gfx-thread-allocator-block-size=16777216"
    "memorysetup-cache-allocator-block-size=4194304"
    "memorysetup-typetree-allocator-block-size=2097152"
    "memorysetup-profiler-bucket-allocator-granularity=16"
    "memorysetup-profiler-bucket-allocator-bucket-count=8"
    "memorysetup-profiler-bucket-allocator-block-size=33554432"
    "memorysetup-profiler-bucket-allocator-block-count=8"
    "memorysetup-profiler-allocator-block-size=16777216"
    "memorysetup-profiler-editor-allocator-block-size=1048576"
    "memorysetup-temp-allocator-size-main=16777216"
    "memorysetup-job-temp-allocator-block-size=2097152"
    "memorysetup-job-temp-allocator-block-size-background=1048576"
    "memorysetup-job-temp-allocator-reduction-small-platforms=262144"
    "memorysetup-temp-allocator-size-background-worker=32768"
    "memorysetup-temp-allocator-size-job-worker=262144"
    "memorysetup-temp-allocator-size-preload-manager=33554432"
    "memorysetup-temp-allocator-size-nav-mesh-worker=65536"
    "memorysetup-temp-allocator-size-audio-worker=65536"
    "memorysetup-temp-allocator-size-cloud-worker=32768"
    "memorysetup-temp-allocator-size-gi-baking-worker=262144"
    "memorysetup-temp-allocator-size-gfx=262144"
Refreshing native plugins compatible for Editor in 58.53 ms, found 2 plugins.
Preloading 0 native plugins for Editor in 0.00 ms.
Initialize engine version: 2021.3.13f1 (9e7d58001ecf)
[Subsystems] Discovering subsystems at path C:/Program Files/Unity/Hub/Editor/2021.3.13f1/Editor/Data/Resources/UnitySubsystems
[Subsystems] Discovering subsystems at path E:/PROJELER/MAVERA/Assets
GfxDevice: creating device client; threaded=0; jobified=0
Direct3D:
    Version:  Direct3D 11.0 [level 11.1]
    Renderer: AMD Radeon RX 6500 XT (ID=0x743f)
    Vendor:   ATI
    VRAM:     4051 MB
    Driver:   30.0.14023.3004
Initialize mono
Mono path[0] = 'C:/Program Files/Unity/Hub/Editor/2021.3.13f1/Editor/Data/Managed'
Mono path[1] = 'C:/Program Files/Unity/Hub/Editor/2021.3.13f1/Editor/Data/MonoBleedingEdge/lib/mono/unityjit-win32'
Mono config path = 'C:/Program Files/Unity/Hub/Editor/2021.3.13f1/Editor/Data/MonoBleedingEdge/etc'
Using monoOptions --debugger-agent=transport=dt_socket,embedding=1,server=y,suspend=n,address=127.0.0.1:56980
Begin MonoManager ReloadAssembly
Registering precompiled unity dll's ...
Register platform support module: C:/Program Files/Unity/Hub/Editor/2021.3.13f1/Editor/Data/PlaybackEngines/AndroidPlayer/UnityEditor.Android.Extensions.dll
Register platform support module: C:/Program Files/Unity/Hub/Editor/2021.3.13f1/Editor/Data/PlaybackEngines/iOSSupport/UnityEditor.iOS.Extensions.dll
Register platform support module: C:/Program Files/Unity/Hub/Editor/2021.3.13f1/Editor/Data/PlaybackEngines/WindowsStandaloneSupport/UnityEditor.WindowsStandalone.Extensions.dll
Registered in 0.012979 seconds.
Native extension for WindowsStandalone target not found
[usbmuxd] Start listen thread
[usbmuxd] Listen thread started
[usbmuxd] Send listen message
Native extension for iOS target not found
Native extension for Android target not found
Refreshing native plugins compatible for Editor in 52.80 ms, found 2 plugins.
Preloading 0 native plugins for Editor in 0.00 ms.
Mono: successfully reloaded assembly
- Completed reload, in  0.831 seconds
Domain Reload Profiling:
	ReloadAssembly (832ms)
		BeginReloadAssembly (99ms)
			ExecutionOrderSort (0ms)
			DisableScriptedObjects (0ms)
			BackupInstance (0ms)
			ReleaseScriptingObjects (0ms)
			CreateAndSetChildDomain (1ms)
		EndReloadAssembly (577ms)
			LoadAssemblies (96ms)
			RebuildTransferFunctionScriptingTraits (0ms)
			SetupTypeCache (144ms)
			ReleaseScriptCaches (0ms)
			RebuildScriptCaches (34ms)
			SetupLoadedEditorAssemblies (331ms)
				LogAssemblyErrors (0ms)
				InitializePlatformSupportModulesInManaged (96ms)
				SetLoadedEditorAssemblies (0ms)
				RefreshPlugins (53ms)
				BeforeProcessingInitializeOnLoad (1ms)
				ProcessInitializeOnLoadAttributes (123ms)
				ProcessInitializeOnLoadMethodAttributes (58ms)
				AfterProcessingInitializeOnLoad (0ms)
				EditorAssembliesLoaded (0ms)
			ExecutionOrderSort2 (0ms)
			AwakeInstancesAfterBackupRestoration (0ms)
Platform modules already initialized, skipping
Registering precompiled user dll's ...
Registered in 0.003121 seconds.
Begin MonoManager ReloadAssembly
Symbol file LoadedFromMemory is not a mono symbol file
Native extension for WindowsStandalone target not found
Native extension for iOS target not found
Native extension for Android target not found
Refreshing native plugins compatible for Editor in 0.61 ms, found 2 plugins.
Preloading 0 native plugins for Editor in 0.00 ms.
Mono: successfully reloaded assembly
- Completed reload, in  1.412 seconds
Domain Reload Profiling:
	ReloadAssembly (1413ms)
		BeginReloadAssembly (269ms)
			ExecutionOrderSort (0ms)
			DisableScriptedObjects (7ms)
			BackupInstance (0ms)
			ReleaseScriptingObjects (0ms)
			CreateAndSetChildDomain (141ms)
		EndReloadAssembly (970ms)
			LoadAssemblies (121ms)
			RebuildTransferFunctionScriptingTraits (0ms)
			SetupTypeCache (267ms)
			ReleaseScriptCaches (1ms)
			RebuildScriptCaches (64ms)
			SetupLoadedEditorAssemblies (467ms)
				LogAssemblyErrors (0ms)
				InitializePlatformSupportModulesInManaged (38ms)
				SetLoadedEditorAssemblies (1ms)
				RefreshPlugins (1ms)
				BeforeProcessingInitializeOnLoad (76ms)
				ProcessInitializeOnLoadAttributes (280ms)
				ProcessInitializeOnLoadMethodAttributes (56ms)
				AfterProcessingInitializeOnLoad (15ms)
				EditorAssembliesLoaded (0ms)
			ExecutionOrderSort2 (0ms)
			AwakeInstancesAfterBackupRestoration (9ms)
Platform modules already initialized, skipping
========================================================================
Worker process is ready to serve import requests
Launched and connected shader compiler UnityShaderCompiler.exe after 0.05 seconds
Refreshing native plugins compatible for Editor in 0.64 ms, found 2 plugins.
Preloading 0 native plugins for Editor in 0.00 ms.
Unloading 1955 Unused Serialized files (Serialized files now loaded: 0)
Unloading 35 unused Assets / (1.3 MB). Loaded Objects now: 2438.
Memory consumption went from 99.3 MB to 98.1 MB.
Total: 3.942000 ms (FindLiveObjects: 0.240000 ms CreateObjectMapping: 0.058900 ms MarkObjects: 3.301700 ms  DeleteObjects: 0.340300 ms)

AssetImportParameters requested are different than current active one (requested -> active):
  custom:video-decoder-ogg-theora: a1e56fd34408186e4bbccfd4996cb3dc -> 
  custom:container-muxer-webm: aa71ff27fc2769a1b78a27578f13a17b -> 
  custom:container-demuxer-webm: 4f35f7cbe854078d1ac9338744f61a02 -> 
  custom:video-encoder-webm-vp8: eb34c28f22e8b96e1ab97ce403110664 -> 
  custom:audio-encoder-webm-vorbis: bf7c407c2cedff20999df2af8eb42d56 -> 
  custom:framework-win-MediaFoundation: 216162199b28c13a410421893ffa2e32 -> 
  custom:container-demuxer-ogg: 62fdf1f143b41e24485cea50d1cbac27 -> 
  custom:video-decoder-webm-vp8: 9c59270c3fd7afecdb556c50c9e8de78 -> 
  custom:audio-decoder-ogg-vorbis: bf7c407c2cedff20999df2af8eb42d56 -> 
========================================================================
Received Import Request.
  Time since last request: 4984.094737 seconds.
  path: Assets/Main Camera Profile.asset
  artifactKey: Guid(a2c5621595413ca4a81d437f1d534aff) Importer(815301076,1909f56bfc062723c751e8b465ee728b)
Start importing Assets/Main Camera Profile.asset using Guid(a2c5621595413ca4a81d437f1d534aff) Importer(815301076,1909f56bfc062723c751e8b465ee728b)  -> (artifact id: '54caa38f1569f44ff3d835fe434d71b8') in 0.043596 seconds 
========================================================================
Received Import Request.
  Time since last request: 0.000023 seconds.
  path: Assets/Readme.asset
  artifactKey: Guid(83c2ed844a8c74b779a4c823d16594b1) Importer(815301076,1909f56bfc062723c751e8b465ee728b)
Start importing Assets/Readme.asset using Guid(83c2ed844a8c74b779a4c823d16594b1) Importer(815301076,1909f56bfc062723c751e8b465ee728b)  -> (artifact id: '07556226c6c6d290603bd556fe4e04ff') in 0.011993 seconds 
========================================================================
Received Prepare
Registering precompiled user dll's ...
Registered in 0.003861 seconds.
Begin MonoManager ReloadAssembly
Symbol file LoadedFromMemory is not a mono symbol file
Native extension for WindowsStandalone target not found
Native extension for iOS target not found
Native extension for Android target not found
Refreshing native plugins compatible for Editor in 0.68 ms, found 2 plugins.
Preloading 0 native plugins for Editor in 0.00 ms.
Mono: successfully reloaded assembly
- Completed reload, in  1.858 seconds
Domain Reload Profiling:
	ReloadAssembly (1859ms)
		BeginReloadAssembly (167ms)
			ExecutionOrderSort (0ms)
			DisableScriptedObjects (9ms)
			BackupInstance (0ms)
			ReleaseScriptingObjects (0ms)
			CreateAndSetChildDomain (36ms)
		EndReloadAssembly (1561ms)
			LoadAssemblies (115ms)
			RebuildTransferFunctionScriptingTraits (0ms)
			SetupTypeCache (308ms)
			ReleaseScriptCaches (2ms)
			RebuildScriptCaches (132ms)
			SetupLoadedEditorAssemblies (862ms)
				LogAssemblyErrors (0ms)
				InitializePlatformSupportModulesInManaged (106ms)
				SetLoadedEditorAssemblies (1ms)
				RefreshPlugins (1ms)
				BeforeProcessingInitializeOnLoad (163ms)
				ProcessInitializeOnLoadAttributes (503ms)
				ProcessInitializeOnLoadMethodAttributes (69ms)
				AfterProcessingInitializeOnLoad (20ms)
				EditorAssembliesLoaded (0ms)
			ExecutionOrderSort2 (0ms)
			AwakeInstancesAfterBackupRestoration (12ms)
Platform modules already initialized, skipping
Refreshing native plugins compatible for Editor in 1.75 ms, found 2 plugins.
Preloading 0 native plugins for Editor in 0.00 ms.
Unloading 1908 Unused Serialized files (Serialized files now loaded: 0)
Unloading 24 unused Assets / (1.3 MB). Loaded Objects now: 2442.
Memory consumption went from 94.9 MB to 93.6 MB.
Total: 4.963300 ms (FindLiveObjects: 0.223900 ms CreateObjectMapping: 0.053600 ms MarkObjects: 4.398300 ms  DeleteObjects: 0.285900 ms)

AssetImportParameters requested are different than current active one (requested -> active):
  custom:video-decoder-ogg-theora: a1e56fd34408186e4bbccfd4996cb3dc -> 
  custom:container-muxer-webm: aa71ff27fc2769a1b78a27578f13a17b -> 
  custom:container-demuxer-webm: 4f35f7cbe854078d1ac9338744f61a02 -> 
  custom:video-encoder-webm-vp8: eb34c28f22e8b96e1ab97ce403110664 -> 
  custom:audio-encoder-webm-vorbis: bf7c407c2cedff20999df2af8eb42d56 -> 
  custom:framework-win-MediaFoundation: 216162199b28c13a410421893ffa2e32 -> 
  custom:container-demuxer-ogg: 62fdf1f143b41e24485cea50d1cbac27 -> 
  custom:video-decoder-webm-vp8: 9c59270c3fd7afecdb556c50c9e8de78 -> 
  custom:audio-decoder-ogg-vorbis: bf7c407c2cedff20999df2af8eb42d56 -> 
========================================================================
Received Import Request.
  Time since last request: 19.627889 seconds.
  path: Assets/Scenes
  artifactKey: Guid(84e588a803928164f8237340c93d96a7) Importer(815301076,1909f56bfc062723c751e8b465ee728b)
Start importing Assets/Scenes using Guid(84e588a803928164f8237340c93d96a7) Importer(815301076,1909f56bfc062723c751e8b465ee728b)  -> (artifact id: 'a738c7ae6040cd8a2ef99b30bb24d4f3') in 0.016918 seconds 
========================================================================
Received Import Request.
  Time since last request: 1.967162 seconds.
  path: Assets/Scenes/Main
  artifactKey: Guid(f1c25cae5d366b94bba0899612a4ba45) Importer(815301076,1909f56bfc062723c751e8b465ee728b)
Start importing Assets/Scenes/Main using Guid(f1c25cae5d366b94bba0899612a4ba45) Importer(815301076,1909f56bfc062723c751e8b465ee728b)  -> (artifact id: 'f9e12f8383f3b081f5c885f8bc5d1243') in 0.010716 seconds 
========================================================================
Received Import Request.
  Time since last request: 0.083830 seconds.
  path: Assets/Scenes/Main/LightingData.asset
  artifactKey: Guid(5ad991571b598ea40b9f6ad91d4d9077) Importer(815301076,1909f56bfc062723c751e8b465ee728b)
Start importing Assets/Scenes/Main/LightingData.asset using Guid(5ad991571b598ea40b9f6ad91d4d9077) Importer(815301076,1909f56bfc062723c751e8b465ee728b)  -> (artifact id: '3df36501a8fd7ac2759929ca17287e6e') in 0.021681 seconds 
========================================================================
Received Import Request.
  Time since last request: 0.000028 seconds.
  path: Assets/Scenes/Main/ReflectionProbe-3.exr
  artifactKey: Guid(f319d2d4df093224684b4dae47534bb6) Importer(815301076,1909f56bfc062723c751e8b465ee728b)
Start importing Assets/Scenes/Main/ReflectionProbe-3.exr using Guid(f319d2d4df093224684b4dae47534bb6) Importer(815301076,1909f56bfc062723c751e8b465ee728b)  -> (artifact id: '28625536b7ba97829988d08e42e3fe08') in 0.122081 seconds 
========================================================================
Received Import Request.
  Time since last request: 0.000023 seconds.
  path: Assets/Scenes/Main/ReflectionProbe-6.exr
  artifactKey: Guid(4c246300583a15b4690337afb12daf70) Importer(815301076,1909f56bfc062723c751e8b465ee728b)
Start importing Assets/Scenes/Main/ReflectionProbe-6.exr using Guid(4c246300583a15b4690337afb12daf70) Importer(815301076,1909f56bfc062723c751e8b465ee728b)  -> (artifact id: '3a1e7fce5b7c5d3cf6cbdbd05b8c0baa') in 0.031045 seconds 
========================================================================
Received Import Request.
  Time since last request: 0.000041 seconds.
  path: Assets/Scenes/Main/ReflectionProbe-1.exr
  artifactKey: Guid(1a72c321dc0ef67408cdc146ea283607) Importer(815301076,1909f56bfc062723c751e8b465ee728b)
Start importing Assets/Scenes/Main/ReflectionProbe-1.exr using Guid(1a72c321dc0ef67408cdc146ea283607) Importer(815301076,1909f56bfc062723c751e8b465ee728b)  -> (artifact id: '29d9814258201a0697d7cf31e4776a28') in 0.025606 seconds 
========================================================================
Received Import Request.
  Time since last request: 0.000022 seconds.
  path: Assets/Scenes/Main/ReflectionProbe-5.exr
  artifactKey: Guid(f22b5645f939fc14eb097b1189fb2c8f) Importer(815301076,1909f56bfc062723c751e8b465ee728b)
Start importing Assets/Scenes/Main/ReflectionProbe-5.exr using Guid(f22b5645f939fc14eb097b1189fb2c8f) Importer(815301076,1909f56bfc062723c751e8b465ee728b)  -> (artifact id: '5bc759f1850395f658bfb0974a47991b') in 0.022134 seconds 
========================================================================
Received Import Request.
  Time since last request: 0.000026 seconds.
  path: Assets/Scenes/Main/Lightmap-1_comp_dir.png
  artifactKey: Guid(930c85f85f52ab0498118329c192ee2c) Importer(815301076,1909f56bfc062723c751e8b465ee728b)
Start importing Assets/Scenes/Main/Lightmap-1_comp_dir.png using Guid(930c85f85f52ab0498118329c192ee2c) Importer(815301076,1909f56bfc062723c751e8b465ee728b)  -> (artifact id: 'af60df7543d9991de7bb36bc44358e39') in 0.072045 seconds 
========================================================================
Received Import Request.
  Time since last request: 0.000023 seconds.
  path: Assets/Scenes/Main/Lightmap-1_comp_light.exr
  artifactKey: Guid(5c2abfa81b784154abbfcfd22f2e73a1) Importer(815301076,1909f56bfc062723c751e8b465ee728b)
Start importing Assets/Scenes/Main/Lightmap-1_comp_light.exr using Guid(5c2abfa81b784154abbfcfd22f2e73a1) Importer(815301076,1909f56bfc062723c751e8b465ee728b)  -> (artifact id: '40bee23ca3610dc9136c6b18bc61e3f2') in 0.026100 seconds 
========================================================================
Received Import Request.
  Time since last request: 0.000031 seconds.
  path: Assets/Scenes/Main/ReflectionProbe-7.exr
  artifactKey: Guid(5debba57b5b312647adf406fd49d2d1d) Importer(815301076,1909f56bfc062723c751e8b465ee728b)
Start importing Assets/Scenes/Main/ReflectionProbe-7.exr using Guid(5debba57b5b312647adf406fd49d2d1d) Importer(815301076,1909f56bfc062723c751e8b465ee728b)  -> (artifact id: 'a93537bf8f8b6b40088096392ed4d2b5') in 0.021395 seconds 
========================================================================
Received Import Request.
  Time since last request: 0.000026 seconds.
  path: Assets/Scenes/Main/ReflectionProbe-4.exr
  artifactKey: Guid(8bff01e3b001df7459b7334c615fc50d) Importer(815301076,1909f56bfc062723c751e8b465ee728b)
Start importing Assets/Scenes/Main/ReflectionProbe-4.exr using Guid(8bff01e3b001df7459b7334c615fc50d) Importer(815301076,1909f56bfc062723c751e8b465ee728b)  -> (artifact id: '817c07d4127cf8773fbd4eee45902bc7') in 0.027429 seconds 
========================================================================
Received Import Request.
  Time since last request: 0.000021 seconds.
  path: Assets/Scenes/Main/ReflectionProbe-9.exr
  artifactKey: Guid(d076206b94113aa4cafb7a64d3bad847) Importer(815301076,1909f56bfc062723c751e8b465ee728b)
Start importing Assets/Scenes/Main/ReflectionProbe-9.exr using Guid(d076206b94113aa4cafb7a64d3bad847) Importer(815301076,1909f56bfc062723c751e8b465ee728b)  -> (artifact id: 'b8104fdfca512bedbfa4d88da7d0261f') in 0.024752 seconds 
========================================================================
Received Import Request.
  Time since last request: 0.000028 seconds.
  path: Assets/Scenes/Main/Lightmap-0_comp_dir.png
  artifactKey: Guid(d23ce938ae7d9b24bb791e4a71d3388f) Importer(815301076,1909f56bfc062723c751e8b465ee728b)
Start importing Assets/Scenes/Main/Lightmap-0_comp_dir.png using Guid(d23ce938ae7d9b24bb791e4a71d3388f) Importer(815301076,1909f56bfc062723c751e8b465ee728b)  -> (artifact id: '924c561cd036b7fa7dee4906286a2645') in 0.019840 seconds 
========================================================================
Received Import Request.
  Time since last request: 0.000018 seconds.
  path: Assets/Scenes/Main/Lightmap-0_comp_light.exr
  artifactKey: Guid(38645482f82302843938b3d9b2b8e345) Importer(815301076,1909f56bfc062723c751e8b465ee728b)
Start importing Assets/Scenes/Main/Lightmap-0_comp_light.exr using Guid(38645482f82302843938b3d9b2b8e345) Importer(815301076,1909f56bfc062723c751e8b465ee728b)  -> (artifact id: '2fc4fc52601e81fd5c7c40b72ae6ae95') in 0.018777 seconds 
========================================================================
Received Import Request.
  Time since last request: 0.000019 seconds.
  path: Assets/Scenes/Main/ReflectionProbe-0.exr
  artifactKey: Guid(14d99eba68deb5c419739be53229234f) Importer(815301076,1909f56bfc062723c751e8b465ee728b)
Start importing Assets/Scenes/Main/ReflectionProbe-0.exr using Guid(14d99eba68deb5c419739be53229234f) Importer(815301076,1909f56bfc062723c751e8b465ee728b)  -> (artifact id: '28255dc4d9e514f935d2ec5044528c6e') in 0.024081 seconds 
========================================================================
Received Import Request.
  Time since last request: 0.000023 seconds.
  path: Assets/Scenes/Main/ReflectionProbe-8.exr
  artifactKey: Guid(218bb83e223fd5946a08a96e879ca127) Importer(815301076,1909f56bfc062723c751e8b465ee728b)
Start importing Assets/Scenes/Main/ReflectionProbe-8.exr using Guid(218bb83e223fd5946a08a96e879ca127) Importer(815301076,1909f56bfc062723c751e8b465ee728b)  -> (artifact id: '7eebb8a273cce0335264e4196196606d') in 0.021816 seconds 
========================================================================
Received Import Request.
  Time since last request: 0.000019 seconds.
  path: Assets/Scenes/Main/ReflectionProbe-2.exr
  artifactKey: Guid(5c1be5c0a92e945418a09e0b4b56cd15) Importer(815301076,1909f56bfc062723c751e8b465ee728b)
Start importing Assets/Scenes/Main/ReflectionProbe-2.exr using Guid(5c1be5c0a92e945418a09e0b4b56cd15) Importer(815301076,1909f56bfc062723c751e8b465ee728b)  -> (artifact id: '1990210c997015bfd408696b1ae2f927') in 0.023975 seconds 
========================================================================
Received Import Request.
  Time since last request: 2.802063 seconds.
  path: Assets/Scenes/SampleScene.unity
  artifactKey: Guid(9fc0d4010bbf28b4594072e72b8655ab) Importer(815301076,1909f56bfc062723c751e8b465ee728b)
Start importing Assets/Scenes/SampleScene.unity using Guid(9fc0d4010bbf28b4594072e72b8655ab) Importer(815301076,1909f56bfc062723c751e8b465ee728b)  -> (artifact id: 'df7f69a7f3def9b4a566535acd721a9a') in 0.007840 seconds 
========================================================================
Received Prepare
Registering precompiled user dll's ...
Registered in 0.003174 seconds.
Begin MonoManager ReloadAssembly
Symbol file LoadedFromMemory is not a mono symbol file
Native extension for WindowsStandalone target not found
Native extension for iOS target not found
Native extension for Android target not found
Refreshing native plugins compatible for Editor in 0.59 ms, found 2 plugins.
Preloading 0 native plugins for Editor in 0.00 ms.
Mono: successfully reloaded assembly
- Completed reload, in  1.294 seconds
Domain Reload Profiling:
	ReloadAssembly (1295ms)
		BeginReloadAssembly (163ms)
			ExecutionOrderSort (0ms)
			DisableScriptedObjects (9ms)
			BackupInstance (0ms)
			ReleaseScriptingObjects (0ms)
			CreateAndSetChildDomain (36ms)
		EndReloadAssembly (1006ms)
			LoadAssemblies (108ms)
			RebuildTransferFunctionScriptingTraits (0ms)
			SetupTypeCache (261ms)
			ReleaseScriptCaches (1ms)
			RebuildScriptCaches (125ms)
			SetupLoadedEditorAssemblies (435ms)
				LogAssemblyErrors (0ms)
				InitializePlatformSupportModulesInManaged (48ms)
				SetLoadedEditorAssemblies (1ms)
				RefreshPlugins (1ms)
				BeforeProcessingInitializeOnLoad (70ms)
				ProcessInitializeOnLoadAttributes (244ms)
				ProcessInitializeOnLoadMethodAttributes (52ms)
				AfterProcessingInitializeOnLoad (21ms)
				EditorAssembliesLoaded (0ms)
			ExecutionOrderSort2 (0ms)
			AwakeInstancesAfterBackupRestoration (11ms)
Platform modules already initialized, skipping
Refreshing native plugins compatible for Editor in 2.01 ms, found 2 plugins.
Preloading 0 native plugins for Editor in 0.00 ms.
Unloading 1908 Unused Serialized files (Serialized files now loaded: 0)
Unloading 24 unused Assets / (1.3 MB). Loaded Objects now: 2481.
Memory consumption went from 99.1 MB to 97.8 MB.
Total: 5.024400 ms (FindLiveObjects: 0.207800 ms CreateObjectMapping: 0.053700 ms MarkObjects: 4.460300 ms  DeleteObjects: 0.301400 ms)

AssetImportParameters requested are different than current active one (requested -> active):
  custom:video-decoder-ogg-theora: a1e56fd34408186e4bbccfd4996cb3dc -> 
  custom:container-muxer-webm: aa71ff27fc2769a1b78a27578f13a17b -> 
  custom:container-demuxer-webm: 4f35f7cbe854078d1ac9338744f61a02 -> 
  custom:video-encoder-webm-vp8: eb34c28f22e8b96e1ab97ce403110664 -> 
  custom:audio-encoder-webm-vorbis: bf7c407c2cedff20999df2af8eb42d56 -> 
  custom:framework-win-MediaFoundation: 216162199b28c13a410421893ffa2e32 -> 
  custom:container-demuxer-ogg: 62fdf1f143b41e24485cea50d1cbac27 -> 
  custom:video-decoder-webm-vp8: 9c59270c3fd7afecdb556c50c9e8de78 -> 
  custom:audio-decoder-ogg-vorbis: bf7c407c2cedff20999df2af8eb42d56 -> 
========================================================================
Received Import Request.
  Time since last request: 91.215966 seconds.
  path: Assets/Scenes/SampleScene
  artifactKey: Guid(fb147de43d7ed9646b27f0bf446be852) Importer(815301076,1909f56bfc062723c751e8b465ee728b)
Start importing Assets/Scenes/SampleScene using Guid(fb147de43d7ed9646b27f0bf446be852) Importer(815301076,1909f56bfc062723c751e8b465ee728b)  -> (artifact id: '4593d8f965ac8105884ae45922d76ce0') in 0.015576 seconds 
========================================================================
Received Import Request.
  Time since last request: 0.821384 seconds.
  path: Assets/Scenes/SampleScene/NavMesh.asset
  artifactKey: Guid(216fa7923ce79b44e81e24942d9ae643) Importer(815301076,1909f56bfc062723c751e8b465ee728b)
Start importing Assets/Scenes/SampleScene/NavMesh.asset using Guid(216fa7923ce79b44e81e24942d9ae643) Importer(815301076,1909f56bfc062723c751e8b465ee728b)  -> (artifact id: '7bb3584b0c4d99b8b98aa39222d442b2') in 0.025072 seconds 
========================================================================
Received Import Request.
  Time since last request: 3.535045 seconds.
  path: Assets/GUI_Parts
  artifactKey: Guid(a8180f314ea750a4db2555cfe6e0f2b1) Importer(815301076,1909f56bfc062723c751e8b465ee728b)
Start importing Assets/GUI_Parts using Guid(a8180f314ea750a4db2555cfe6e0f2b1) Importer(815301076,1909f56bfc062723c751e8b465ee728b)  -> (artifact id: '6169490553815476c2c86c01f2089ccd') in 0.015073 seconds 
========================================================================
Received Import Request.
  Time since last request: 0.424719 seconds.
  path: Assets/Knight
  artifactKey: Guid(80450d15c8d4c314d9a1a35944bc599c) Importer(815301076,1909f56bfc062723c751e8b465ee728b)
Start importing Assets/Knight using Guid(80450d15c8d4c314d9a1a35944bc599c) Importer(815301076,1909f56bfc062723c751e8b465ee728b)  -> (artifact id: 'e1c7647d1db658594c67f1be130bf463') in 0.010730 seconds 
========================================================================
Received Import Request.
  Time since last request: 1.020437 seconds.
  path: Assets/Knight/testscene.unity
  artifactKey: Guid(7ef0fccfef6904e4ba53220533566377) Importer(815301076,1909f56bfc062723c751e8b465ee728b)
Start importing Assets/Knight/testscene.unity using Guid(7ef0fccfef6904e4ba53220533566377) Importer(815301076,1909f56bfc062723c751e8b465ee728b)  -> (artifact id: '8bdc1f760963fa4134ed3e88ad85168e') in 0.011154 seconds 
========================================================================
Received Import Request.
  Time since last request: 2.616896 seconds.
  path: Assets/Knight/shaders
  artifactKey: Guid(9b5b12d8250d94443a90bb7215a82e99) Importer(815301076,1909f56bfc062723c751e8b465ee728b)
Start importing Assets/Knight/shaders using Guid(9b5b12d8250d94443a90bb7215a82e99) Importer(815301076,1909f56bfc062723c751e8b465ee728b)  -> (artifact id: '5fde24d8e4f24977e056f44fab3ba5b0') in 0.012436 seconds 
========================================================================
Received Import Request.
  Time since last request: 1.938302 seconds.
  path: Assets/UI Elements
  artifactKey: Guid(b347253a9932fde4789f6a9597535dd2) Importer(815301076,1909f56bfc062723c751e8b465ee728b)
Start importing Assets/UI Elements using Guid(b347253a9932fde4789f6a9597535dd2) Importer(815301076,1909f56bfc062723c751e8b465ee728b)  -> (artifact id: '07f10cde54568332cc1ba5136e2e1ee7') in 0.009341 seconds 
========================================================================
Received Import Request.
  Time since last request: 0.304731 seconds.
  path: Assets/TutorialInfo
  artifactKey: Guid(77c780bf9cd02e441b1de46f397200cf) Importer(815301076,1909f56bfc062723c751e8b465ee728b)
Start importing Assets/TutorialInfo using Guid(77c780bf9cd02e441b1de46f397200cf) Importer(815301076,1909f56bfc062723c751e8b465ee728b)  -> (artifact id: '2b1925d0923f632e0668de8628a07523') in 0.011757 seconds 
========================================================================
Received Import Request.
  Time since last request: 0.776992 seconds.
  path: Assets/TextMesh Pro
  artifactKey: Guid(f54d1bd14bd3ca042bd867b519fee8cc) Importer(815301076,1909f56bfc062723c751e8b465ee728b)
Start importing Assets/TextMesh Pro using Guid(f54d1bd14bd3ca042bd867b519fee8cc) Importer(815301076,1909f56bfc062723c751e8b465ee728b)  -> (artifact id: '31cf4ccfea99b00e1fce33964e961a61') in 0.010855 seconds 
========================================================================
Received Import Request.
  Time since last request: 0.649926 seconds.
  path: Assets/SimpleSkeletonFree
  artifactKey: Guid(25cbfd3fd17db2c4f8d75e2babb6d9fe) Importer(815301076,1909f56bfc062723c751e8b465ee728b)
Start importing Assets/SimpleSkeletonFree using Guid(25cbfd3fd17db2c4f8d75e2babb6d9fe) Importer(815301076,1909f56bfc062723c751e8b465ee728b)  -> (artifact id: '5c1dab1978cabbf14c32d32e160f0880') in 0.014057 seconds 
========================================================================
Received Import Request.
  Time since last request: 1.228368 seconds.
  path: Assets/SimpleSkeletonFree/animation
  artifactKey: Guid(f28ec3bad40e8d742abf0c9602394ccf) Importer(815301076,1909f56bfc062723c751e8b465ee728b)
Start importing Assets/SimpleSkeletonFree/animation using Guid(f28ec3bad40e8d742abf0c9602394ccf) Importer(815301076,1909f56bfc062723c751e8b465ee728b)  -> (artifact id: '6fce873f201232b5b3abfe56c31981d5') in 0.013040 seconds 
========================================================================
Received Import Request.
  Time since last request: 0.550331 seconds.
  path: Assets/SimpleSkeletonFree/material
  artifactKey: Guid(f9a65a404ad14f9448066eb65336bc58) Importer(815301076,1909f56bfc062723c751e8b465ee728b)
Start importing Assets/SimpleSkeletonFree/material using Guid(f9a65a404ad14f9448066eb65336bc58) Importer(815301076,1909f56bfc062723c751e8b465ee728b)  -> (artifact id: '761c3f56106a5b8831152265bb19c7e0') in 0.010509 seconds 
========================================================================
Received Import Request.
  Time since last request: 0.532238 seconds.
  path: Assets/SimpleSkeletonFree/mesh
  artifactKey: Guid(b38ae05ecfa4c6549b593c4f1317df10) Importer(815301076,1909f56bfc062723c751e8b465ee728b)
Start importing Assets/SimpleSkeletonFree/mesh using Guid(b38ae05ecfa4c6549b593c4f1317df10) Importer(815301076,1909f56bfc062723c751e8b465ee728b)  -> (artifact id: '5e9ce4b627d77bbe28fcfc9e5d39cc8c') in 0.011039 seconds 
========================================================================
Received Import Request.
  Time since last request: 0.334036 seconds.
  path: Assets/SimpleSkeletonFree/prefab
  artifactKey: Guid(b52fc045457b5fe408ed73d12d39b513) Importer(815301076,1909f56bfc062723c751e8b465ee728b)
Start importing Assets/SimpleSkeletonFree/prefab using Guid(b52fc045457b5fe408ed73d12d39b513) Importer(815301076,1909f56bfc062723c751e8b465ee728b)  -> (artifact id: '468213d93ff97ccb4d4221ed2b15218d') in 0.010116 seconds 
========================================================================
Received Import Request.
  Time since last request: 0.075213 seconds.
  path: Assets/SimpleSkeletonFree/prefab/Directional light.prefab
  artifactKey: Guid(899f655670cc92642ac0f038873abc21) Importer(815301076,1909f56bfc062723c751e8b465ee728b)
Start importing Assets/SimpleSkeletonFree/prefab/Directional light.prefab using Guid(899f655670cc92642ac0f038873abc21) Importer(815301076,1909f56bfc062723c751e8b465ee728b)  -> (artifact id: 'aac7f6c7c854374458c991dfbe2a8eb0') in 0.025898 seconds 
========================================================================
Received Import Request.
  Time since last request: 0.000042 seconds.
  path: Assets/SimpleSkeletonFree/prefab/SKELETON.prefab
  artifactKey: Guid(dca8e056b77d49c4aafe4dbcc2bab713) Importer(815301076,1909f56bfc062723c751e8b465ee728b)
Start importing Assets/SimpleSkeletonFree/prefab/SKELETON.prefab using Guid(dca8e056b77d49c4aafe4dbcc2bab713) Importer(815301076,1909f56bfc062723c751e8b465ee728b)  -> (artifact id: 'cc903d3c68b5e1580cd04e7b59b7cfc3') in 0.154179 seconds 
========================================================================
Received Import Request.
  Time since last request: 3.458854 seconds.
  path: Assets/L_FG_Assets_Pack_Lite
  artifactKey: Guid(f7fd6729f99eda044a768a4eb1888260) Importer(815301076,1909f56bfc062723c751e8b465ee728b)
Start importing Assets/L_FG_Assets_Pack_Lite using Guid(f7fd6729f99eda044a768a4eb1888260) Importer(815301076,1909f56bfc062723c751e8b465ee728b)  -> (artifact id: '695387250a870b40276a45f74a9af383') in 0.010786 seconds 
========================================================================
Received Import Request.
  Time since last request: 0.358978 seconds.
  path: Assets/Music
  artifactKey: Guid(28d53eb31c9855a4bbbdaa983beb9f3a) Importer(815301076,1909f56bfc062723c751e8b465ee728b)
Start importing Assets/Music using Guid(28d53eb31c9855a4bbbdaa983beb9f3a) Importer(815301076,1909f56bfc062723c751e8b465ee728b)  -> (artifact id: '91fc140749bb08a452ae02b1a4ecfd4e') in 0.010978 seconds 
========================================================================
Received Import Request.
  Time since last request: 0.370572 seconds.
  path: Assets/Prefab
  artifactKey: Guid(9206451efdc70a04b8ee5351182844af) Importer(815301076,1909f56bfc062723c751e8b465ee728b)
Start importing Assets/Prefab using Guid(9206451efdc70a04b8ee5351182844af) Importer(815301076,1909f56bfc062723c751e8b465ee728b)  -> (artifact id: 'ba412f31be3c1b4fbe6f467acd91585e') in 0.008481 seconds 
========================================================================
Received Import Request.
  Time since last request: 0.369986 seconds.
  path: Assets/Scripts
  artifactKey: Guid(2463531c653a4004cbfdcb50c5d7999a) Importer(815301076,1909f56bfc062723c751e8b465ee728b)
Start importing Assets/Scripts using Guid(2463531c653a4004cbfdcb50c5d7999a) Importer(815301076,1909f56bfc062723c751e8b465ee728b)  -> (artifact id: '65ff688d63d950f355cbf3afa1db6895') in 0.009498 seconds 
========================================================================
Received Import Request.
  Time since last request: 1.258135 seconds.
  path: Assets/Shared
  artifactKey: Guid(d20707e94d6582c4bb82c70bda7918f0) Importer(815301076,1909f56bfc062723c751e8b465ee728b)
Start importing Assets/Shared using Guid(d20707e94d6582c4bb82c70bda7918f0) Importer(815301076,1909f56bfc062723c751e8b465ee728b)  -> (artifact id: '89a8b34a3db7bbe01152dc87aacc3128') in 0.011566 seconds 
========================================================================
Received Prepare
Registering precompiled user dll's ...
Registered in 0.003488 seconds.
Begin MonoManager ReloadAssembly
Symbol file LoadedFromMemory is not a mono symbol file
Native extension for WindowsStandalone target not found
Native extension for iOS target not found
Native extension for Android target not found
Refreshing native plugins compatible for Editor in 0.57 ms, found 2 plugins.
Preloading 0 native plugins for Editor in 0.00 ms.
Mono: successfully reloaded assembly
- Completed reload, in  1.229 seconds
Domain Reload Profiling:
	ReloadAssembly (1230ms)
		BeginReloadAssembly (150ms)
			ExecutionOrderSort (0ms)
			DisableScriptedObjects (8ms)
			BackupInstance (0ms)
			ReleaseScriptingObjects (0ms)
			CreateAndSetChildDomain (35ms)
		EndReloadAssembly (946ms)
			LoadAssemblies (95ms)
			RebuildTransferFunctionScriptingTraits (0ms)
			SetupTypeCache (240ms)
			ReleaseScriptCaches (2ms)
			RebuildScriptCaches (74ms)
			SetupLoadedEditorAssemblies (455ms)
				LogAssemblyErrors (0ms)
				InitializePlatformSupportModulesInManaged (47ms)
				SetLoadedEditorAssemblies (1ms)
				RefreshPlugins (1ms)
				BeforeProcessingInitializeOnLoad (73ms)
				ProcessInitializeOnLoadAttributes (245ms)
				ProcessInitializeOnLoadMethodAttributes (72ms)
				AfterProcessingInitializeOnLoad (17ms)
				EditorAssembliesLoaded (0ms)
			ExecutionOrderSort2 (0ms)
			AwakeInstancesAfterBackupRestoration (11ms)
Platform modules already initialized, skipping
Refreshing native plugins compatible for Editor in 4.05 ms, found 2 plugins.
Preloading 0 native plugins for Editor in 0.00 ms.
Unloading 1908 Unused Serialized files (Serialized files now loaded: 0)
Unloading 24 unused Assets / (1.3 MB). Loaded Objects now: 2484.
Memory consumption went from 99.1 MB to 97.9 MB.
Total: 4.726100 ms (FindLiveObjects: 0.246000 ms CreateObjectMapping: 0.068800 ms MarkObjects: 4.108200 ms  DeleteObjects: 0.301900 ms)

AssetImportParameters requested are different than current active one (requested -> active):
  custom:video-decoder-ogg-theora: a1e56fd34408186e4bbccfd4996cb3dc -> 
  custom:container-muxer-webm: aa71ff27fc2769a1b78a27578f13a17b -> 
  custom:container-demuxer-webm: 4f35f7cbe854078d1ac9338744f61a02 -> 
  custom:video-encoder-webm-vp8: eb34c28f22e8b96e1ab97ce403110664 -> 
  custom:audio-encoder-webm-vorbis: bf7c407c2cedff20999df2af8eb42d56 -> 
  custom:framework-win-MediaFoundation: 216162199b28c13a410421893ffa2e32 -> 
  custom:container-demuxer-ogg: 62fdf1f143b41e24485cea50d1cbac27 -> 
  custom:video-decoder-webm-vp8: 9c59270c3fd7afecdb556c50c9e8de78 -> 
  custom:audio-decoder-ogg-vorbis: bf7c407c2cedff20999df2af8eb42d56 -> 
========================================================================
Received Prepare
Registering precompiled user dll's ...
Registered in 0.002498 seconds.
Begin MonoManager ReloadAssembly
Symbol file LoadedFromMemory is not a mono symbol file
Native extension for WindowsStandalone target not found
Native extension for iOS target not found
Native extension for Android target not found
Refreshing native plugins compatible for Editor in 0.80 ms, found 2 plugins.
Preloading 0 native plugins for Editor in 0.00 ms.
Mono: successfully reloaded assembly
- Completed reload, in  1.529 seconds
Domain Reload Profiling:
	ReloadAssembly (1530ms)
		BeginReloadAssembly (156ms)
			ExecutionOrderSort (0ms)
			DisableScriptedObjects (8ms)
			BackupInstance (0ms)
			ReleaseScriptingObjects (0ms)
			CreateAndSetChildDomain (34ms)
		EndReloadAssembly (1248ms)
			LoadAssemblies (105ms)
			RebuildTransferFunctionScriptingTraits (0ms)
			SetupTypeCache (305ms)
			ReleaseScriptCaches (2ms)
			RebuildScriptCaches (88ms)
			SetupLoadedEditorAssemblies (641ms)
				LogAssemblyErrors (0ms)
				InitializePlatformSupportModulesInManaged (69ms)
				SetLoadedEditorAssemblies (1ms)
				RefreshPlugins (1ms)
				BeforeProcessingInitializeOnLoad (130ms)
				ProcessInitializeOnLoadAttributes (352ms)
				ProcessInitializeOnLoadMethodAttributes (72ms)
				AfterProcessingInitializeOnLoad (17ms)
				EditorAssembliesLoaded (0ms)
			ExecutionOrderSort2 (0ms)
			AwakeInstancesAfterBackupRestoration (11ms)
Platform modules already initialized, skipping
Refreshing native plugins compatible for Editor in 2.27 ms, found 2 plugins.
Preloading 0 native plugins for Editor in 0.00 ms.
Unloading 1908 Unused Serialized files (Serialized files now loaded: 0)
Unloading 24 unused Assets / (1.3 MB). Loaded Objects now: 2487.
Memory consumption went from 99.1 MB to 97.9 MB.
Total: 5.104000 ms (FindLiveObjects: 0.189600 ms CreateObjectMapping: 0.046500 ms MarkObjects: 4.527100 ms  DeleteObjects: 0.339400 ms)

AssetImportParameters requested are different than current active one (requested -> active):
  custom:video-decoder-ogg-theora: a1e56fd34408186e4bbccfd4996cb3dc -> 
  custom:container-muxer-webm: aa71ff27fc2769a1b78a27578f13a17b -> 
  custom:container-demuxer-webm: 4f35f7cbe854078d1ac9338744f61a02 -> 
  custom:video-encoder-webm-vp8: eb34c28f22e8b96e1ab97ce403110664 -> 
  custom:audio-encoder-webm-vorbis: bf7c407c2cedff20999df2af8eb42d56 -> 
  custom:framework-win-MediaFoundation: 216162199b28c13a410421893ffa2e32 -> 
  custom:container-demuxer-ogg: 62fdf1f143b41e24485cea50d1cbac27 -> 
  custom:video-decoder-webm-vp8: 9c59270c3fd7afecdb556c50c9e8de78 -> 
  custom:audio-decoder-ogg-vorbis: bf7c407c2cedff20999df2af8eb42d56 -> 
========================================================================
Received Import Request.
  Time since last request: 165.219640 seconds.
  path: Assets/Scripts/Player/MouseScript.cs
  artifactKey: Guid(3ddc3562c3535364e9acf2ea9fa029ff) Importer(815301076,1909f56bfc062723c751e8b465ee728b)
Start importing Assets/Scripts/Player/MouseScript.cs using Guid(3ddc3562c3535364e9acf2ea9fa029ff) Importer(815301076,1909f56bfc062723c751e8b465ee728b)  -> (artifact id: 'e584fdc138e0c39bb2aa97ba82e7aea6') in 0.021409 seconds 
